Arguments: 
  /Users/seancannon/.nvm/versions/node/v6.9.5/bin/node /usr/local/Cellar/yarn/1.3.2/libexec/bin/yarn.js install

PATH: 
  /Users/seancannon/Downloads/google-cloud-sdk/bin:/Users/seancannon/.nvm/versions/node/v6.9.5/bin:/usr/local/bin:/usr/bin:/bin:/usr/sbin:/sbin:/usr/local/sbin:/Users/seancannon/.yarn/bin

Yarn version: 
  1.3.2

Node version: 
  6.9.5

Platform: 
  darwin x64

npm manifest: 
  {
    "name": "fpure",
    "version": "0.0.1",
    "description": "Pure, curried, functional programming utilities.",
    "main": "dist/fpure.js",
    "dependencies": {
    },
    "devDependencies": {
      "babel-cli": "^6.26.0",
      "babel-minify": "^0.2.0",
      "babel-preset-env": "^1.6.1",
      "coveralls": "^2.11.2",
      "istanbul": "^0.3.13",
      "jasmine": "^2.3.1"
    },
    "scripts": {
      "test": "./node_modules/.bin/istanbul cover ./node_modules/.bin/jasmine"
    },
    "repository": {
      "type": "git",
      "url": "https://github.com/seancannon/fpure.git"
    },
    "keywords": [
      "fp",
      "functional programming",
      "ramda",
      "haskell",
      "pure functions",
      "pure",
      "fpure",
      "seancannon",
      "aliencreations"
    ],
    "author": "Sean Cannon",
    "license": "MIT",
    "bugs": {
      "url": "https://github.com/seancannon/fpure/issues"
    },
    "babel": {
      "presets": [
        "env"
      ]
    },
    "homepage": "https://github.com/seancannon/fpure"
  }

yarn manifest: 
  No manifest

Lockfile: 
  No lockfile

Trace: 
  Error: read ECONNRESET
      at exports._errnoException (util.js:1022:11)
      at TLSWrap.onread (net.js:569:26)
